0 info it worked if it ends with ok
1 verbose cli [ 'C:\\Program Files\\nodejs\\node.exe',
1 verbose cli   'C:\\Program Files\\nodejs\\node_modules\\npm\\bin\\npm-cli.js',
1 verbose cli   'run',
1 verbose cli   'deploy' ]
2 info using npm@3.10.10
3 info using node@v6.11.5
4 verbose run-script [ 'predeploy', 'deploy', 'postdeploy' ]
5 info lifecycle shop-ksk@0.0.0~predeploy: shop-ksk@0.0.0
6 silly lifecycle shop-ksk@0.0.0~predeploy: no script for predeploy, continuing
7 info lifecycle shop-ksk@0.0.0~deploy: shop-ksk@0.0.0
8 verbose lifecycle shop-ksk@0.0.0~deploy: unsafe-perm in lifecycle true
9 verbose lifecycle shop-ksk@0.0.0~deploy: PATH: C:\Program Files\nodejs\node_modules\npm\bin\node-gyp-bin;E:\Latest Mena\node_modules\.bin;C:\Program Files (x86)\Common Files\Oracle\Java\javapath;C:\WINDOWS\system32;C:\WINDOWS;C:\Program Files\nodejs;C:\WINDOWS\System32\Wbem;C:\WINDOWS\System32\WindowsPowerShell\v1.0\;C:\Program Files (x86)\AMD\ATI.ACE\Core-Static;C:\Program Files\TortoiseSVN\bin;C:\Program Files\OpenVPN\bin;C:\Program Files\TortoiseGit\bin;C:\Program Files\Git\cmd;C:\Program Files (x86)\Brackets\command;C:\xampp\php;C:\ProgramData\ComposerSetup\bin;C:\WINDOWS\System32\OpenSSH\;C:\Users\amine\AppData\Local\Programs\Python\Python36-32\Scripts\;C:\Users\amine\AppData\Local\Programs\Python\Python36-32\;C:\Program Files\MongoDB\Server\3.6\bin;C:\Users\amine\AppData\Roaming\npm;C:\Program Files\Heroku\bin;C:\Program Files\Microsoft VS Code\bin;C:\Users\amine\AppData\Roaming\Composer\vendor\bin;C:\Users\amine\AppData\Local\Microsoft\WindowsApps
10 verbose lifecycle shop-ksk@0.0.0~deploy: CWD: E:\Latest Mena
11 silly lifecycle shop-ksk@0.0.0~deploy: Args: [ '/d /s /c', 'git push origin master' ]
12 silly lifecycle shop-ksk@0.0.0~deploy: Returned: code: 128  signal: null
13 info lifecycle shop-ksk@0.0.0~deploy: Failed to exec deploy script
14 verbose stack Error: shop-ksk@0.0.0 deploy: `git push origin master`
14 verbose stack Exit status 128
14 verbose stack     at EventEmitter.<anonymous> (C:\Program Files\nodejs\node_modules\npm\lib\utils\lifecycle.js:255:16)
14 verbose stack     at emitTwo (events.js:106:13)
14 verbose stack     at EventEmitter.emit (events.js:191:7)
14 verbose stack     at ChildProcess.<anonymous> (C:\Program Files\nodejs\node_modules\npm\lib\utils\spawn.js:40:14)
14 verbose stack     at emitTwo (events.js:106:13)
14 verbose stack     at ChildProcess.emit (events.js:191:7)
14 verbose stack     at maybeClose (internal/child_process.js:920:16)
14 verbose stack     at Process.ChildProcess._handle.onexit (internal/child_process.js:230:5)
15 verbose pkgid shop-ksk@0.0.0
16 verbose cwd E:\Latest Mena
17 error Windows_NT 10.0.17134
18 error argv "C:\\Program Files\\nodejs\\node.exe" "C:\\Program Files\\nodejs\\node_modules\\npm\\bin\\npm-cli.js" "run" "deploy"
19 error node v6.11.5
20 error npm  v3.10.10
21 error code ELIFECYCLE
22 error shop-ksk@0.0.0 deploy: `git push origin master`
22 error Exit status 128
23 error Failed at the shop-ksk@0.0.0 deploy script 'git push origin master'.
23 error Make sure you have the latest version of node.js and npm installed.
23 error If you do, this is most likely a problem with the shop-ksk package,
23 error not with npm itself.
23 error Tell the author that this fails on your system:
23 error     git push origin master
23 error You can get information on how to open an issue for this project with:
23 error     npm bugs shop-ksk
23 error Or if that isn't available, you can get their info via:
23 error     npm owner ls shop-ksk
23 error There is likely additional logging output above.
24 verbose exit [ 1, true ]
